<?xml version="1.0" encoding="UTF-8"?>
<testng-results ignored="0" total="1" passed="1" failed="0" skipped="0">
  <reporter-output>
  </reporter-output>
  <suite started-at="2024-09-26T02:58:02Z" name="WELL-ProfileUser" finished-at="2024-09-26T02:59:07Z" duration-ms="64937">
    <groups>
    </groups>
    <test started-at="2024-09-26T02:58:02Z" name="WELL-ProfileUser" finished-at="2024-09-26T02:59:07Z" duration-ms="64937">
      <class name="com.Well.testcases.Login.TC_01_LoginTest">
        <test-method is-config="true" signature="setUp(java.lang.String, java.lang.String)[pri:0, instance:com.Well.testcases.Login.TC_01_LoginTest@cad498c]" started-at="2024-09-26T02:57:51Z" name="setUp" finished-at="2024-09-26T02:58:02Z" duration-ms="10958" status="PASS">
          <params>
            <param index="0">
              <value>
                <![CDATA[chrome]]>
              </value>
            </param>
            <param index="1">
              <value>
                <![CDATA[Test]]>
              </value>
            </param>
          </params>
          <reporter-output>
          </reporter-output>
        </test-method> <!-- setUp -->
        <test-method signature="Login()[pri:0, instance:com.Well.testcases.Login.TC_01_LoginTest@cad498c]" started-at="2024-09-26T02:58:02Z" name="Login" finished-at="2024-09-26T02:59:07Z" duration-ms="64897" status="PASS">
          <reporter-output>
          </reporter-output>
        </test-method> <!-- Login -->
        <test-method is-config="true" signature="end()[pri:0, instance:com.Well.testcases.Login.TC_01_LoginTest@cad498c]" started-at="2024-09-26T02:59:07Z" name="end" finished-at="2024-09-26T02:59:07Z" duration-ms="234" status="PASS">
          <reporter-output>
          </reporter-output>
        </test-method> <!-- end -->
      </class> <!-- com.Well.testcases.Login.TC_01_LoginTest -->
    </test> <!-- WELL-ProfileUser -->
  </suite> <!-- WELL-ProfileUser -->
</testng-results>
