<?xml version="1.0" encoding="UTF-8"?>
<!-- Generated by org.testng.reporters.JUnitXMLReporter -->
<testsuite ignored="0" hostname="DESKTOP-96UAH58" failures="0" tests="1" name="WELL-ProfileUser" time="0.097" errors="0" timestamp="25 Sept 2024 03:06:57 GMT">
  <testcase classname="com.Well.Engine.BaseClass" name="@BeforeSuite setUp" time="18.766">
    <failure type="java.lang.NullPointerException" message="Cannot invoke &amp;quot;String.equalsIgnoreCase(String)&amp;quot; because &amp;quot;com.Well.Engine.BaseClass.Environment&amp;quot; is null">
      <![CDATA[java.lang.NullPointerException: Cannot invoke "String.equalsIgnoreCase(String)" because "com.Well.Engine.BaseClass.Environment" is null
at com.Well.Engine.BaseClass.setUp(BaseClass.java:64)
... Removed 18 stack frames]]>
    </failure>
  </testcase> <!-- @BeforeSuite setUp -->
  <testcase classname="com.Well.testcases.Login.TC_01_LoginTest" name="Login" time="0.0">
    <skipped/>
  </testcase> <!-- Login -->
</testsuite> <!-- WELL-ProfileUser -->
